2024-05-31 14:56:17.635 [info] Log level: Info
2024-05-31 14:56:17.636 [info] Validating found git in: "git"
2024-05-31 14:56:17.636 [info] Using git "2.45.1" from "git"
2024-05-31 14:56:17.636 [info] > git rev-parse --show-toplevel [6ms]
2024-05-31 14:56:17.636 [info] fatal: not a git repository (or any parent up to mount point /)
Stopping at filesystem boundary (GIT_DISCOVERY_ACROSS_FILESYSTEM not set).
2024-05-31 14:56:17.636 [info] > git rev-parse --show-toplevel [3ms]
2024-05-31 14:56:17.636 [info] fatal: not a git repository (or any parent up to mount point /)
Stopping at filesystem boundary (GIT_DISCOVERY_ACROSS_FILESYSTEM not set).
2024-05-31 14:56:17.637 [info] > git rev-parse --show-toplevel [2ms]
2024-05-31 14:56:17.637 [info] fatal: not a git repository (or any parent up to mount point /)
Stopping at filesystem boundary (GIT_DISCOVERY_ACROSS_FILESYSTEM not set).
2024-05-31 14:56:17.656 [info] > git rev-parse --show-toplevel [9ms]
2024-05-31 14:56:17.656 [info] fatal: not a git repository (or any parent up to mount point /)
Stopping at filesystem boundary (GIT_DISCOVERY_ACROSS_FILESYSTEM not set).
2024-05-31 14:56:17.686 [info] > git rev-parse --show-toplevel [3ms]
2024-05-31 14:56:17.686 [info] fatal: not a git repository (or any parent up to mount point /)
Stopping at filesystem boundary (GIT_DISCOVERY_ACROSS_FILESYSTEM not set).
2024-05-31 14:56:17.785 [info] > git rev-parse --show-toplevel [1ms]
2024-05-31 14:56:17.785 [info] fatal: not a git repository (or any parent up to mount point /)
Stopping at filesystem boundary (GIT_DISCOVERY_ACROSS_FILESYSTEM not set).
