00:00:00.001804 VirtualBox DHCP Server 7.2.2 r170484 linux.amd64 (Sep 24 2025 20:15:03) release log
00:00:00.001806 Log opened 2025-10-13T22:36:40.849658000Z
00:00:00.001807 Build Type: release
00:00:00.001809 OS Product: Linux
00:00:00.001810 OS Release: 6.17.1-arch1-1
00:00:00.001811 OS Version: #1 SMP PREEMPT_DYNAMIC Mon, 06 Oct 2025 18:48:29 +0000
00:00:00.001840 DMI Product Name: Laptop 13 (AMD Ryzen 7040Series)
00:00:00.001853 DMI Product Version: A5
00:00:00.001859 Firmware type: UEFI
00:00:00.002003 Secure Boot: Disabled
00:00:00.002085 Host RAM: 27862MB (27.2GB) total, 14554MB (14.2GB) available
00:00:00.002089 Executable: /usr/lib/virtualbox/VBoxNetDHCP
00:00:00.002089 Process ID: 1141590
00:00:00.002090 Package type: LINUX_64BITS_GENERIC (OSE)
00:00:00.002139 --config:  HostInterfaceNetworking-vboxnet0
00:00:00.002143 --comment: HostInterfaceNetworking-vboxnet0
00:00:00.002336 IP address:   192.168.56.100/24
00:00:00.002341 Address pool: 192.168.56.101 - 192.168.56.254
00:00:00.002362 MAC address is not specified: will use generated MAC 08:00:27:80:81:ce
00:00:00.002367 Db::i_enterFixedAddressAssignment: 08:00:27:80:81:ce: 192.168.56.100
00:00:00.002374 loading leases from /home/densentrated/.config/VirtualBox/HostInterfaceNetworking-vboxnet0-Dhcpd.leases
00:00:00.002817 Runtime error opening '/home/densentrated/.config/VirtualBox/HostInterfaceNetworking-vboxnet0-Dhcpd.leases' for reading VERR_FILE_NOT_FOUND (File not found.)
00:00:00.002845 SUP: Opened VMMR0.r0 (/usr/lib/virtualbox/VMMR0.r0) at 0xXXXXXXXXXXXXXXXX.
