2024-05-31 14:44:34.827 [info] Log level: Info
2024-05-31 14:44:34.827 [info] Validating found git in: "git"
2024-05-31 14:44:34.827 [info] Using git "2.45.1" from "git"
2024-05-31 14:44:34.827 [info] > git rev-parse --show-toplevel [9ms]
2024-05-31 14:44:34.827 [info] fatal: not a git repository (or any parent up to mount point /)
Stopping at filesystem boundary (GIT_DISCOVERY_ACROSS_FILESYSTEM not set).
2024-05-31 14:44:34.827 [info] > git rev-parse --show-toplevel [3ms]
2024-05-31 14:44:34.827 [info] fatal: not a git repository (or any parent up to mount point /)
Stopping at filesystem boundary (GIT_DISCOVERY_ACROSS_FILESYSTEM not set).
2024-05-31 14:44:34.827 [info] > git rev-parse --show-toplevel [6ms]
2024-05-31 14:44:34.827 [info] fatal: not a git repository (or any parent up to mount point /)
Stopping at filesystem boundary (GIT_DISCOVERY_ACROSS_FILESYSTEM not set).
2024-05-31 14:44:34.837 [info] > git rev-parse --show-toplevel [1ms]
2024-05-31 14:44:34.837 [info] fatal: not a git repository (or any parent up to mount point /)
Stopping at filesystem boundary (GIT_DISCOVERY_ACROSS_FILESYSTEM not set).
2024-05-31 14:44:34.925 [info] > git rev-parse --show-toplevel [1ms]
2024-05-31 14:44:34.925 [info] fatal: not a git repository (or any parent up to mount point /)
Stopping at filesystem boundary (GIT_DISCOVERY_ACROSS_FILESYSTEM not set).
2024-05-31 14:44:35.015 [info] > git rev-parse --show-toplevel [1ms]
2024-05-31 14:44:35.015 [info] fatal: not a git repository (or any parent up to mount point /)
Stopping at filesystem boundary (GIT_DISCOVERY_ACROSS_FILESYSTEM not set).
2024-05-31 14:44:35.887 [info] > git rev-parse --show-toplevel [1ms]
2024-05-31 14:44:35.887 [info] fatal: not a git repository (or any parent up to mount point /)
Stopping at filesystem boundary (GIT_DISCOVERY_ACROSS_FILESYSTEM not set).
