2024-05-31 14:10:18.981 [info] Log level: Info
2024-05-31 14:10:18.982 [info] Validating found git in: "git"
2024-05-31 14:10:18.982 [info] Using git "2.45.1" from "git"
2024-05-31 14:10:18.982 [info] > git rev-parse --show-toplevel [3ms]
2024-05-31 14:10:18.982 [info] fatal: not a git repository (or any parent up to mount point /)
Stopping at filesystem boundary (GIT_DISCOVERY_ACROSS_FILESYSTEM not set).
2024-05-31 14:10:18.982 [info] > git rev-parse --show-toplevel [3ms]
2024-05-31 14:10:18.982 [info] fatal: not a git repository (or any parent up to mount point /)
Stopping at filesystem boundary (GIT_DISCOVERY_ACROSS_FILESYSTEM not set).
2024-05-31 14:10:19.042 [info] > git rev-parse --show-toplevel [1ms]
2024-05-31 14:10:19.042 [info] fatal: not a git repository (or any parent up to mount point /)
Stopping at filesystem boundary (GIT_DISCOVERY_ACROSS_FILESYSTEM not set).
2024-05-31 14:10:19.125 [info] > git rev-parse --show-toplevel [3ms]
2024-05-31 14:10:19.125 [info] fatal: not a git repository (or any parent up to mount point /)
Stopping at filesystem boundary (GIT_DISCOVERY_ACROSS_FILESYSTEM not set).
2024-05-31 14:10:19.261 [info] > git rev-parse --show-toplevel [1ms]
2024-05-31 14:10:19.261 [info] fatal: not a git repository (or any parent up to mount point /)
Stopping at filesystem boundary (GIT_DISCOVERY_ACROSS_FILESYSTEM not set).
2024-05-31 14:10:58.962 [info] > git rev-parse --show-toplevel [3ms]
2024-05-31 14:10:58.962 [info] fatal: not a git repository (or any parent up to mount point /)
Stopping at filesystem boundary (GIT_DISCOVERY_ACROSS_FILESYSTEM not set).
